<?xml version="1.0" encoding="UTF-8"?>
<coverage generated="1560027705060" clover="3.2.0">
  <project timestamp="1560027705060" name="All files">
    <metrics statements="34" coveredstatements="29" conditionals="0" coveredconditionals="0" methods="15" coveredmethods="14" elements="49" coveredelements="43" complexity="0" loc="34" ncloc="34" packages="2" files="5" classes="5">
      <package name="src">
        <metrics statements="7" coveredstatements="2" conditionals="0" coveredconditionals="0" methods="1" coveredmethods="0"/>
        <file name="index.js" path="/Users/anastasiya/webDevprojects/reactTraining/src/index.js">
          <metrics statements="4" coveredstatements="0" conditionals="0" coveredconditionals="0" methods="0" coveredmethods="0"/>
          <line num="2" count="0" type="stmt"/>
          <line num="4" count="0" type="stmt"/>
          <line num="5" count="0" type="stmt"/>
          <line num="11" count="0" type="stmt"/>
        </file>
        <file name="setupTests.js" path="/Users/anastasiya/webDevprojects/reactTraining/src/setupTests.js">
          <metrics statements="1" coveredstatements="1" conditionals="0" coveredconditionals="0" methods="0" coveredmethods="0"/>
          <line num="4" count="2" type="stmt"/>
        </file>
        <file name="tempPolyfills.js" path="/Users/anastasiya/webDevprojects/reactTraining/src/tempPolyfills.js">
          <metrics statements="2" coveredstatements="1" conditionals="0" coveredconditionals="0" methods="1" coveredmethods="0"/>
          <line num="1" count="2" type="stmt"/>
          <line num="2" count="0" type="stmt"/>
        </file>
      </package>
      <package name="src.components">
        <metrics statements="27" coveredstatements="27" conditionals="0" coveredconditionals="0" methods="14" coveredmethods="14"/>
        <file name="App.js" path="/Users/anastasiya/webDevprojects/reactTraining/src/components/App.js">
          <metrics statements="26" coveredstatements="26" conditionals="0" coveredconditionals="0" methods="13" coveredmethods="13"/>
          <line num="12" count="1" type="stmt"/>
          <line num="16" count="1" type="stmt"/>
          <line num="25" count="1" type="stmt"/>
          <line num="26" count="1" type="stmt"/>
          <line num="28" count="1" type="stmt"/>
          <line num="29" count="1" type="stmt"/>
          <line num="35" count="2" type="stmt"/>
          <line num="40" count="2" type="stmt"/>
          <line num="46" count="2" type="stmt"/>
          <line num="49" count="2" type="stmt"/>
          <line num="58" count="3" type="stmt"/>
          <line num="62" count="3" type="stmt"/>
          <line num="63" count="3" type="stmt"/>
          <line num="65" count="3" type="stmt"/>
          <line num="69" count="1" type="stmt"/>
          <line num="70" count="1" type="stmt"/>
          <line num="74" count="3" type="stmt"/>
          <line num="77" count="3" type="stmt"/>
          <line num="78" count="3" type="stmt"/>
          <line num="79" count="3" type="stmt"/>
          <line num="86" count="15" type="stmt"/>
          <line num="90" count="4" type="stmt"/>
          <line num="92" count="3" type="stmt"/>
          <line num="95" count="4" type="stmt"/>
          <line num="98" count="3" type="stmt"/>
          <line num="105" count="1" type="stmt"/>
        </file>
        <file name="Note.js" path="/Users/anastasiya/webDevprojects/reactTraining/src/components/Note.js">
          <metrics statements="1" coveredstatements="1" conditionals="0" coveredconditionals="0" methods="1" coveredmethods="1"/>
          <line num="5" count="5" type="stmt"/>
        </file>
      </package>
    </metrics>
  </project>
</coverage>
