{"/Users/anastasiya/webDevprojects/reactTraining/src/index.js": {"path":"/Users/anastasiya/webDevprojects/reactTraining/src/index.js","statementMap":{"0":{"start":{"line":2,"column":0},"end":{"line":null,"column":-1}},"1":{"start":{"line":4,"column":0},"end":{"line":null,"column":-1}},"2":{"start":{"line":5,"column":0},"end":{"line":null,"column":-1}},"3":{"start":{"line":11,"column":0},"end":{"line":null,"column":-1}}},"fnMap":{},"branchMap":{},"s":{"0":0,"1":0,"2":0,"3":0},"f":{},"b":{}}
,"/Users/anastasiya/webDevprojects/reactTraining/src/setupTests.js": {"path":"/Users/anastasiya/webDevprojects/reactTraining/src/setupTests.js","statementMap":{"0":{"start":{"line":4,"column":0},"end":{"line":4,"column":66}}},"fnMap":{},"branchMap":{},"s":{"0":2},"f":{},"b":{},"_coverageSchema":"332fd63041d2c1bcb487cc26dd0d5f7d97098a6c","hash":"9d7ee7a874030602e1c3d59f9417d338ae40db31"}
,"/Users/anastasiya/webDevprojects/reactTraining/src/tempPolyfills.js": {"path":"/Users/anastasiya/webDevprojects/reactTraining/src/tempPolyfills.js","statementMap":{"0":{"start":{"line":1,"column":28},"end":{"line":3,"column":1}},"1":{"start":{"line":2,"column":4},"end":{"line":2,"column":27}}},"fnMap":{"0":{"name":"(anonymous_0)","decl":{"start":{"line":1,"column":57},"end":{"line":1,"column":58}},"loc":{"start":{"line":1,"column":67},"end":{"line":3,"column":1}},"line":1}},"branchMap":{},"s":{"0":2,"1":0},"f":{"0":0},"b":{},"_coverageSchema":"332fd63041d2c1bcb487cc26dd0d5f7d97098a6c","hash":"8256f40b2d28fa2195464405bfebdfe4696883c4"}
,"/Users/anastasiya/webDevprojects/reactTraining/src/components/App.js": {"path":"/Users/anastasiya/webDevprojects/reactTraining/src/components/App.js","statementMap":{"0":{"start":{"line":12,"column":18},"end":{"line":12,"column":25}},"1":{"start":{"line":16,"column":4},"end":{"line":16,"column":24}},"2":{"start":{"line":25,"column":12},"end":{"line":27,"column":1}},"3":{"start":{"line":26,"column":0},"end":{"line":26,"column":21}},"4":{"start":{"line":28,"column":0},"end":{"line":28,"column":16}},"5":{"start":{"line":29,"column":0},"end":{"line":29,"column":15}},"6":{"start":{"line":35,"column":8},"end":{"line":35,"column":16}},"7":{"start":{"line":40,"column":8},"end":{"line":42,"column":19}},"8":{"start":{"line":46,"column":21},"end":{"line":46,"column":45}},"9":{"start":{"line":49,"column":8},"end":{"line":49,"column":31}},"10":{"start":{"line":58,"column":29},"end":{"line":58,"column":39}},"11":{"start":{"line":62,"column":8},"end":{"line":62,"column":27}},"12":{"start":{"line":63,"column":8},"end":{"line":63,"column":31}},"13":{"start":{"line":65,"column":8},"end":{"line":65,"column":50}},"14":{"start":{"line":69,"column":8},"end":{"line":69,"column":35}},"15":{"start":{"line":70,"column":8},"end":{"line":70,"column":35}},"16":{"start":{"line":74,"column":8},"end":{"line":74,"column":35}},"17":{"start":{"line":77,"column":20},"end":{"line":77,"column":30}},"18":{"start":{"line":78,"column":8},"end":{"line":78,"column":26}},"19":{"start":{"line":79,"column":8},"end":{"line":79,"column":30}},"20":{"start":{"line":86,"column":8},"end":{"line":107,"column":9}},"21":{"start":{"line":90,"column":52},"end":{"line":90,"column":95}},"22":{"start":{"line":92,"column":42},"end":{"line":92,"column":55}},"23":{"start":{"line":95,"column":17},"end":{"line":100,"column":18}},"24":{"start":{"line":98,"column":39},"end":{"line":98,"column":66}},"25":{"start":{"line":105,"column":33},"end":{"line":105,"column":45}}},"fnMap":{"0":{"name":"roar","decl":{"start":{"line":15,"column":9},"end":{"line":15,"column":13}},"loc":{"start":{"line":15,"column":22},"end":{"line":17,"column":1}},"line":15},"1":{"name":"(anonymous_1)","decl":{"start":{"line":25,"column":12},"end":{"line":25,"column":13}},"loc":{"start":{"line":25,"column":23},"end":{"line":27,"column":1}},"line":25},"2":{"name":"(anonymous_2)","decl":{"start":{"line":34,"column":4},"end":{"line":34,"column":5}},"loc":{"start":{"line":34,"column":17},"end":{"line":43,"column":5}},"line":34},"3":{"name":"(anonymous_3)","decl":{"start":{"line":45,"column":4},"end":{"line":45,"column":5}},"loc":{"start":{"line":45,"column":23},"end":{"line":50,"column":5}},"line":45},"4":{"name":"(anonymous_4)","decl":{"start":{"line":51,"column":4},"end":{"line":51,"column":5}},"loc":{"start":{"line":51,"column":12},"end":{"line":66,"column":5}},"line":51},"5":{"name":"(anonymous_5)","decl":{"start":{"line":68,"column":4},"end":{"line":68,"column":5}},"loc":{"start":{"line":68,"column":11},"end":{"line":71,"column":5}},"line":68},"6":{"name":"(anonymous_6)","decl":{"start":{"line":73,"column":4},"end":{"line":73,"column":5}},"loc":{"start":{"line":73,"column":22},"end":{"line":79,"column":31}},"line":73},"7":{"name":"(anonymous_7)","decl":{"start":{"line":85,"column":4},"end":{"line":85,"column":5}},"loc":{"start":{"line":85,"column":13},"end":{"line":108,"column":5}},"line":85},"8":{"name":"(anonymous_8)","decl":{"start":{"line":90,"column":43},"end":{"line":90,"column":44}},"loc":{"start":{"line":90,"column":52},"end":{"line":90,"column":95}},"line":90},"9":{"name":"(anonymous_9)","decl":{"start":{"line":92,"column":37},"end":{"line":92,"column":38}},"loc":{"start":{"line":92,"column":42},"end":{"line":92,"column":55}},"line":92},"10":{"name":"(anonymous_10)","decl":{"start":{"line":94,"column":38},"end":{"line":94,"column":39}},"loc":{"start":{"line":94,"column":52},"end":{"line":101,"column":17}},"line":94},"11":{"name":"(anonymous_11)","decl":{"start":{"line":98,"column":35},"end":{"line":98,"column":36}},"loc":{"start":{"line":98,"column":39},"end":{"line":98,"column":66}},"line":98},"12":{"name":"(anonymous_12)","decl":{"start":{"line":105,"column":29},"end":{"line":105,"column":30}},"loc":{"start":{"line":105,"column":33},"end":{"line":105,"column":45}},"line":105}},"branchMap":{},"s":{"0":1,"1":1,"2":1,"3":1,"4":1,"5":1,"6":2,"7":2,"8":2,"9":2,"10":3,"11":3,"12":3,"13":3,"14":1,"15":1,"16":3,"17":3,"18":3,"19":3,"20":15,"21":4,"22":3,"23":4,"24":3,"25":1},"f":{"0":1,"1":1,"2":2,"3":2,"4":3,"5":1,"6":3,"7":15,"8":4,"9":3,"10":4,"11":3,"12":1},"b":{},"_coverageSchema":"332fd63041d2c1bcb487cc26dd0d5f7d97098a6c","hash":"445143d3d49baf3007b076c58c8227425412694c"}
,"/Users/anastasiya/webDevprojects/reactTraining/src/components/Note.js": {"path":"/Users/anastasiya/webDevprojects/reactTraining/src/components/Note.js","statementMap":{"0":{"start":{"line":5,"column":8},"end":{"line":9,"column":9}}},"fnMap":{"0":{"name":"(anonymous_0)","decl":{"start":{"line":4,"column":4},"end":{"line":4,"column":5}},"loc":{"start":{"line":4,"column":12},"end":{"line":10,"column":5}},"line":4}},"branchMap":{},"s":{"0":5},"f":{"0":5},"b":{},"_coverageSchema":"332fd63041d2c1bcb487cc26dd0d5f7d97098a6c","hash":"f7ffd8f76cab2ab25082f142b5f5297eb97556da"}
}
