TN:
SF:/Users/anastasiya/webDevprojects/reactTraining/src/index.js
FNF:0
FNH:0
DA:2,0
DA:4,0
DA:5,0
DA:11,0
LF:4
LH:0
BRF:0
BRH:0
end_of_record
TN:
SF:/Users/anastasiya/webDevprojects/reactTraining/src/setupTests.js
FNF:0
FNH:0
DA:4,2
LF:1
LH:1
BRF:0
BRH:0
end_of_record
TN:
SF:/Users/anastasiya/webDevprojects/reactTraining/src/tempPolyfills.js
FN:1,(anonymous_0)
FNF:1
FNH:0
FNDA:0,(anonymous_0)
DA:1,2
DA:2,0
LF:2
LH:1
BRF:0
BRH:0
end_of_record
TN:
SF:/Users/anastasiya/webDevprojects/reactTraining/src/components/App.js
FN:15,roar
FN:25,(anonymous_1)
FN:34,(anonymous_2)
FN:45,(anonymous_3)
FN:51,(anonymous_4)
FN:68,(anonymous_5)
FN:73,(anonymous_6)
FN:85,(anonymous_7)
FN:90,(anonymous_8)
FN:92,(anonymous_9)
FN:94,(anonymous_10)
FN:98,(anonymous_11)
FN:105,(anonymous_12)
FNF:13
FNH:13
FNDA:1,roar
FNDA:1,(anonymous_1)
FNDA:2,(anonymous_2)
FNDA:2,(anonymous_3)
FNDA:3,(anonymous_4)
FNDA:1,(anonymous_5)
FNDA:3,(anonymous_6)
FNDA:15,(anonymous_7)
FNDA:4,(anonymous_8)
FNDA:3,(anonymous_9)
FNDA:4,(anonymous_10)
FNDA:3,(anonymous_11)
FNDA:1,(anonymous_12)
DA:12,1
DA:16,1
DA:25,1
DA:26,1
DA:28,1
DA:29,1
DA:35,2
DA:40,2
DA:46,2
DA:49,2
DA:58,3
DA:62,3
DA:63,3
DA:65,3
DA:69,1
DA:70,1
DA:74,3
DA:77,3
DA:78,3
DA:79,3
DA:86,15
DA:90,4
DA:92,3
DA:95,4
DA:98,3
DA:105,1
LF:26
LH:26
BRF:0
BRH:0
end_of_record
TN:
SF:/Users/anastasiya/webDevprojects/reactTraining/src/components/Note.js
FN:4,(anonymous_0)
FNF:1
FNH:1
FNDA:5,(anonymous_0)
DA:5,5
LF:1
LH:1
BRF:0
BRH:0
end_of_record
